<?xml version="1.0" encoding="UTF-8"?>
<testsuite name="com.ibm.gse.poc.configserver.client.ConfigServerApplicationTests" tests="1" skipped="0" failures="0" errors="0" timestamp="2019-12-02T17:12:15" hostname="OMARs-MacBook-Pro.local" time="0.351">
  <properties/>
  <testcase name="contextLoads" classname="com.ibm.gse.poc.configserver.client.ConfigServerApplicationTests" time="0.351"/>
  <system-out><![CDATA[12:12:07.779 [Test worker] DEBUG org.springframework.test.context.junit4.SpringJUnit4ClassRunner - SpringJUnit4ClassRunner constructor called with [class com.ibm.gse.poc.configserver.client.ConfigServerApplicationTests]
12:12:07.786 [Test worker] DEBUG org.springframework.test.context.BootstrapUtils - Instantiating CacheAwareContextLoaderDelegate from class [org.springframework.test.context.cache.DefaultCacheAwareContextLoaderDelegate]
12:12:07.792 [Test worker] DEBUG org.springframework.test.context.BootstrapUtils - Instantiating BootstrapContext using constructor [public org.springframework.test.context.support.DefaultBootstrapContext(java.lang.Class,org.springframework.test.context.CacheAwareContextLoaderDelegate)]
12:12:07.805 [Test worker] DEBUG org.springframework.test.context.BootstrapUtils - Instantiating TestContextBootstrapper for test class [com.ibm.gse.poc.configserver.client.ConfigServerApplicationTests] from class [org.springframework.boot.test.context.SpringBootTestContextBootstrapper]
12:12:07.824 [Test worker] INFO org.springframework.boot.test.context.SpringBootTestContextBootstrapper - Neither @ContextConfiguration nor @ContextHierarchy found for test class [com.ibm.gse.poc.configserver.client.ConfigServerApplicationTests], using SpringBootContextLoader
12:12:07.826 [Test worker] DEBUG org.springframework.test.context.support.AbstractContextLoader - Did not detect default resource location for test class [com.ibm.gse.poc.configserver.client.ConfigServerApplicationTests]: class path resource [com/ibm/gse/poc/configserver/client/ConfigServerApplicationTests-context.xml] does not exist
12:12:07.827 [Test worker] DEBUG org.springframework.test.context.support.AbstractContextLoader - Did not detect default resource location for test class [com.ibm.gse.poc.configserver.client.ConfigServerApplicationTests]: class path resource [com/ibm/gse/poc/configserver/client/ConfigServerApplicationTestsContext.groovy] does not exist
12:12:07.827 [Test worker] INFO org.springframework.test.context.support.AbstractContextLoader - Could not detect default resource locations for test class [com.ibm.gse.poc.configserver.client.ConfigServerApplicationTests]: no resource found for suffixes {-context.xml, Context.groovy}.
12:12:07.828 [Test worker] INFO org.springframework.test.context.support.AnnotationConfigContextLoaderUtils - Could not detect default configuration classes for test class [com.ibm.gse.poc.configserver.client.ConfigServerApplicationTests]: ConfigServerApplicationTests does not declare any static, non-private, non-final, nested classes annotated with @Configuration.
12:12:07.862 [Test worker] DEBUG org.springframework.test.context.support.ActiveProfilesUtils - Could not find an 'annotation declaring class' for annotation type [org.springframework.test.context.ActiveProfiles] and class [com.ibm.gse.poc.configserver.client.ConfigServerApplicationTests]
12:12:07.916 [Test worker] DEBUG org.springframework.context.annotation.ClassPathScanningCandidateComponentProvider - Identified candidate component class: file [/Users/omargaye/dev/repo/omar/hello-world/build/classes/java/main/com/ibm/gse/poc/ConfigServerClientApplication.class]
12:12:07.918 [Test worker] INFO org.springframework.boot.test.context.SpringBootTestContextBootstrapper - Found @SpringBootConfiguration com.ibm.gse.poc.ConfigServerClientApplication for test class com.ibm.gse.poc.configserver.client.ConfigServerApplicationTests
12:12:07.969 [Test worker] DEBUG org.springframework.boot.test.context.SpringBootTestContextBootstrapper - @TestExecutionListeners is not present for class [com.ibm.gse.poc.configserver.client.ConfigServerApplicationTests]: using defaults.
12:12:07.970 [Test worker] INFO org.springframework.boot.test.context.SpringBootTestContextBootstrapper - Loaded default TestExecutionListener class names from location [META-INF/spring.factories]: [org.springframework.boot.test.autoconfigure.restdocs.RestDocsTestExecutionListener, org.springframework.boot.test.autoconfigure.web.client.MockRestServiceServerResetTestExecutionListener, org.springframework.boot.test.autoconfigure.web.servlet.MockMvcPrintOnlyOnFailureTestExecutionListener, org.springframework.boot.test.autoconfigure.web.servlet.WebDriverTestExecutionListener, org.springframework.boot.test.mock.mockito.MockitoTestExecutionListener, org.springframework.boot.test.mock.mockito.ResetMocksTestExecutionListener, org.springframework.test.context.web.ServletTestExecutionListener, org.springframework.test.context.support.DirtiesContextBeforeModesTestExecutionListener, org.springframework.test.context.support.DependencyInjectionTestExecutionListener, org.springframework.test.context.support.DirtiesContextTestExecutionListener, org.springframework.test.context.transaction.TransactionalTestExecutionListener, org.springframework.test.context.jdbc.SqlScriptsTestExecutionListener]
12:12:07.978 [Test worker] DEBUG org.springframework.boot.test.context.SpringBootTestContextBootstrapper - Skipping candidate TestExecutionListener [org.springframework.test.context.transaction.TransactionalTestExecutionListener] due to a missing dependency. Specify custom listener classes or make the default listener classes and their required dependencies available. Offending class: [org/springframework/transaction/interceptor/TransactionAttributeSource]
12:12:07.979 [Test worker] DEBUG org.springframework.boot.test.context.SpringBootTestContextBootstrapper - Skipping candidate TestExecutionListener [org.springframework.test.context.jdbc.SqlScriptsTestExecutionListener] due to a missing dependency. Specify custom listener classes or make the default listener classes and their required dependencies available. Offending class: [org/springframework/transaction/interceptor/TransactionAttribute]
12:12:07.979 [Test worker] INFO org.springframework.boot.test.context.SpringBootTestContextBootstrapper - Using TestExecutionListeners: [org.springframework.test.context.web.ServletTestExecutionListener@625dc540, org.springframework.test.context.support.DirtiesContextBeforeModesTestExecutionListener@4dc5d2f2, org.springframework.boot.test.mock.mockito.MockitoTestExecutionListener@46027285, org.springframework.boot.test.autoconfigure.SpringBootDependencyInjectionTestExecutionListener@6026af41, org.springframework.test.context.support.DirtiesContextTestExecutionListener@6cdd01c0, org.springframework.boot.test.autoconfigure.restdocs.RestDocsTestExecutionListener@fec1ceb, org.springframework.boot.test.autoconfigure.web.client.MockRestServiceServerResetTestExecutionListener@5aafd1c9, org.springframework.boot.test.autoconfigure.web.servlet.MockMvcPrintOnlyOnFailureTestExecutionListener@f26317a, org.springframework.boot.test.autoconfigure.web.servlet.WebDriverTestExecutionListener@b71e25f, org.springframework.boot.test.mock.mockito.ResetMocksTestExecutionListener@6415bc9e]
12:12:07.981 [Test worker] DEBUG org.springframework.test.annotation.ProfileValueUtils - Retrieved @ProfileValueSourceConfiguration [null] for test class [com.ibm.gse.poc.configserver.client.ConfigServerApplicationTests]
12:12:07.981 [Test worker] DEBUG org.springframework.test.annotation.ProfileValueUtils - Retrieved ProfileValueSource type [class org.springframework.test.annotation.SystemProfileValueSource] for class [com.ibm.gse.poc.configserver.client.ConfigServerApplicationTests]
12:12:07.982 [Test worker] DEBUG org.springframework.test.annotation.ProfileValueUtils - Retrieved @ProfileValueSourceConfiguration [null] for test class [com.ibm.gse.poc.configserver.client.ConfigServerApplicationTests]
12:12:07.982 [Test worker] DEBUG org.springframework.test.annotation.ProfileValueUtils - Retrieved ProfileValueSource type [class org.springframework.test.annotation.SystemProfileValueSource] for class [com.ibm.gse.poc.configserver.client.ConfigServerApplicationTests]
12:12:07.985 [Test worker] DEBUG org.springframework.test.context.support.AbstractDirtiesContextTestExecutionListener - Before test class: context [DefaultTestContext@12a1df0a testClass = ConfigServerApplicationTests, testInstance = [null], testMethod = [null], testException = [null], mergedContextConfiguration = [WebMergedContextConfiguration@444962c9 testClass = ConfigServerApplicationTests, locations = '{}', classes = '{class com.ibm.gse.poc.ConfigServerClientApplication}', contextInitializerClasses = '[]', activeProfiles = '{}', propertySourceLocations = '{}', propertySourceProperties = '{org.springframework.boot.test.context.SpringBootTestContextBootstrapper=true}', contextCustomizers = set[org.springframework.boot.test.autoconfigure.properties.PropertyMappingContextCustomizer@0, org.springframework.boot.test.autoconfigure.web.servlet.WebDriverContextCustomizerFactory$Customizer@81c2f7f, org.springframework.boot.test.context.filter.ExcludeFilterContextCustomizer@1760bf6e, org.springframework.boot.test.json.DuplicateJsonObjectContextCustomizerFactory$DuplicateJsonObjectContextCustomizer@60acae3a, org.springframework.boot.test.mock.mockito.MockitoContextCustomizer@0, org.springframework.boot.test.web.client.TestRestTemplateContextCustomizer@36141357], resourceBasePath = 'src/main/webapp', contextLoader = 'org.springframework.boot.test.context.SpringBootContextLoader', parent = [null]], attributes = map['org.springframework.test.context.web.ServletTestExecutionListener.activateListener' -> true]], class annotated with @DirtiesContext [false] with mode [null].
12:12:07.986 [Test worker] DEBUG org.springframework.test.annotation.ProfileValueUtils - Retrieved @ProfileValueSourceConfiguration [null] for test class [com.ibm.gse.poc.configserver.client.ConfigServerApplicationTests]
12:12:07.986 [Test worker] DEBUG org.springframework.test.annotation.ProfileValueUtils - Retrieved ProfileValueSource type [class org.springframework.test.annotation.SystemProfileValueSource] for class [com.ibm.gse.poc.configserver.client.ConfigServerApplicationTests]
12:12:08.002 [Test worker] DEBUG org.springframework.test.context.support.TestPropertySourceUtils - Adding inlined properties to environment: {spring.jmx.enabled=false, org.springframework.boot.test.context.SpringBootTestContextBootstrapper=true, server.port=-1}
2019-12-02 12:12:13.530  INFO 41846 --- [    Test worker] trationDelegate$BeanPostProcessorChecker : Bean 'org.springframework.cloud.autoconfigure.ConfigurationPropertiesRebinderAutoConfiguration' of type [org.springframework.cloud.autoconfigure.ConfigurationPropertiesRebinderAutoConfiguration$$EnhancerBySpringCGLIB$$7cc6b07a] is not eligible for getting processed by all BeanPostProcessors (for example: not eligible for auto-proxying)

  .   ____          _            __ _ _
 /\\ / ___'_ __ _ _(_)_ __  __ _ \ \ \ \
( ( )\___ | '_ | '_| | '_ \/ _` | \ \ \ \
 \\/  ___)| |_)| | | | | || (_| |  ) ) ) )
  '  |____| .__|_| |_|_| |_\__, | / / / /
 =========|_|==============|___/=/_/_/_/
 :: Spring Boot ::        (v2.1.9.RELEASE)

2019-12-02 12:12:13.630  INFO 41846 --- [    Test worker] c.c.c.ConfigServicePropertySourceLocator : Fetching config from server at : http://localhost:8888
2019-12-02 12:12:13.699  INFO 41846 --- [    Test worker] c.c.c.ConfigServicePropertySourceLocator : Connect Timeout Exception on Url - http://localhost:8888. Will be trying the next url if available
2019-12-02 12:12:13.699  WARN 41846 --- [    Test worker] c.c.c.ConfigServicePropertySourceLocator : Could not locate PropertySource: I/O error on GET request for "http://localhost:8888//default": Connection refused; nested exception is java.net.ConnectException: Connection refused
2019-12-02 12:12:13.707  INFO 41846 --- [    Test worker] c.i.g.p.c.c.ConfigServerApplicationTests : No active profile set, falling back to default profiles: default
2019-12-02 12:12:14.258  INFO 41846 --- [    Test worker] o.s.cloud.context.scope.GenericScope     : BeanFactory id=0e2c3382-8afe-30d9-94b9-c225f5094b4c
2019-12-02 12:12:14.318  INFO 41846 --- [    Test worker] trationDelegate$BeanPostProcessorChecker : Bean 'org.springframework.cloud.autoconfigure.ConfigurationPropertiesRebinderAutoConfiguration' of type [org.springframework.cloud.autoconfigure.ConfigurationPropertiesRebinderAutoConfiguration$$EnhancerBySpringCGLIB$$7cc6b07a] is not eligible for getting processed by all BeanPostProcessors (for example: not eligible for auto-proxying)
2019-12-02 12:12:14.864  INFO 41846 --- [    Test worker] o.s.s.concurrent.ThreadPoolTaskExecutor  : Initializing ExecutorService 'applicationTaskExecutor'
2019-12-02 12:12:15.511  INFO 41846 --- [    Test worker] .s.s.UserDetailsServiceAutoConfiguration : 

Using generated security password: 677a8c47-3783-4ed2-83b3-91b722bca6ff

2019-12-02 12:12:15.627  INFO 41846 --- [    Test worker] o.s.s.web.DefaultSecurityFilterChain     : Creating filter chain: any request, [org.springframework.security.web.context.request.async.WebAsyncManagerIntegrationFilter@3f99d7fb, org.springframework.security.web.context.SecurityContextPersistenceFilter@580e0f23, org.springframework.security.web.header.HeaderWriterFilter@22dc3010, org.springframework.security.web.authentication.logout.LogoutFilter@525ef984, org.springframework.security.web.savedrequest.RequestCacheAwareFilter@34a69fe4, org.springframework.security.web.servletapi.SecurityContextHolderAwareRequestFilter@e3fd888, org.springframework.security.web.authentication.AnonymousAuthenticationFilter@772e4ed7, org.springframework.security.web.session.SessionManagementFilter@40a0ea1b, org.springframework.security.web.access.ExceptionTranslationFilter@6f3cdde1, org.springframework.security.web.access.intercept.FilterSecurityInterceptor@188013dd]
2019-12-02 12:12:15.758  INFO 41846 --- [    Test worker] o.s.b.a.e.web.EndpointLinksResolver      : Exposing 21 endpoint(s) beneath base path '/actuator'
2019-12-02 12:12:15.813  INFO 41846 --- [    Test worker] c.i.g.p.c.c.ConfigServerApplicationTests : Started ConfigServerApplicationTests in 7.804 seconds (JVM running for 8.474)
]]></system-out>
  <system-err><![CDATA[]]></system-err>
</testsuite>
